0 info it worked if it ends with ok
1 verbose cli [ '/home/xavier/bin/node-v5.0.0-linux-x64/bin/node',
1 verbose cli   '/home/xavier/bin/node-v5.0.0-linux-x64/bin/npm',
1 verbose cli   'run-script',
1 verbose cli   'start' ]
2 info using npm@3.3.6
3 info using node@v5.0.0
4 verbose run-script [ 'prestart', 'start', 'poststart' ]
5 info lifecycle MockCenter@0.0.0~prestart: MockCenter@0.0.0
6 silly lifecycle MockCenter@0.0.0~prestart: no script for prestart, continuing
7 info lifecycle MockCenter@0.0.0~start: MockCenter@0.0.0
8 verbose lifecycle MockCenter@0.0.0~start: unsafe-perm in lifecycle true
9 verbose lifecycle MockCenter@0.0.0~start: PATH: /home/xavier/bin/node-v5.0.0-linux-x64/lib/node_modules/npm/bin/node-gyp-bin:/home/xavier/Programmation/Workspaces/MockCenter/node_modules/.bin:/home/xavier/bin:/usr/local/sbin:/usr/local/bin:/usr/sbin:/usr/bin:/sbin:/bin:/usr/games:/usr/local/games
10 verbose lifecycle MockCenter@0.0.0~start: CWD: /home/xavier/Programmation/Workspaces/MockCenter
11 silly lifecycle MockCenter@0.0.0~start: Args: [ '-c',
11 silly lifecycle   '/home/xavier/bin/node-v5.0.0-linux-x64/bin/node /home/xavier/bin/node-v5.0.0-linux-x64/bin/node app.js' ]
12 silly lifecycle MockCenter@0.0.0~start: Returned: code: 1  signal: null
13 info lifecycle MockCenter@0.0.0~start: Failed to exec start script
14 verbose stack Error: MockCenter@0.0.0 start: `/home/xavier/bin/node-v5.0.0-linux-x64/bin/node /home/xavier/bin/node-v5.0.0-linux-x64/bin/node app.js`
14 verbose stack Exit status 1
14 verbose stack     at EventEmitter.<anonymous> (/home/xavier/bin/node-v5.0.0-linux-x64/lib/node_modules/npm/lib/utils/lifecycle.js:233:16)
14 verbose stack     at emitTwo (events.js:87:13)
14 verbose stack     at EventEmitter.emit (events.js:172:7)
14 verbose stack     at ChildProcess.<anonymous> (/home/xavier/bin/node-v5.0.0-linux-x64/lib/node_modules/npm/lib/utils/spawn.js:24:14)
14 verbose stack     at emitTwo (events.js:87:13)
14 verbose stack     at ChildProcess.emit (events.js:172:7)
14 verbose stack     at maybeClose (internal/child_process.js:818:16)
14 verbose stack     at Process.ChildProcess._handle.onexit (internal/child_process.js:211:5)
15 verbose pkgid MockCenter@0.0.0
16 verbose cwd /home/xavier/Programmation/Workspaces/MockCenter
17 error Linux 3.16.0-38-generic
18 error argv "/home/xavier/bin/node-v5.0.0-linux-x64/bin/node" "/home/xavier/bin/node-v5.0.0-linux-x64/bin/npm" "run-script" "start"
19 error node v5.0.0
20 error npm  v3.3.6
21 error code ELIFECYCLE
22 error MockCenter@0.0.0 start: `/home/xavier/bin/node-v5.0.0-linux-x64/bin/node /home/xavier/bin/node-v5.0.0-linux-x64/bin/node app.js`
22 error Exit status 1
23 error Failed at the MockCenter@0.0.0 start script '/home/xavier/bin/node-v5.0.0-linux-x64/bin/node /home/xavier/bin/node-v5.0.0-linux-x64/bin/node app.js'.
23 error This is most likely a problem with the MockCenter package,
23 error not with npm itself.
23 error Tell the author that this fails on your system:
23 error     /home/xavier/bin/node-v5.0.0-linux-x64/bin/node /home/xavier/bin/node-v5.0.0-linux-x64/bin/node app.js
23 error You can get their info via:
23 error     npm owner ls MockCenter
23 error There is likely additional logging output above.
24 verbose exit [ 1, true ]
